<?xml version="1.0" encoding="UTF-8"?>
<!-- Generated by org.testng.reporters.JUnitReportReporter -->
<testsuite hostname="Mushtaq-pc" failures="0" tests="5" name="Dotballtest.dotBallTestClass" time="83.317" errors="0" timestamp="26 Dec 2018 09:20:04 GMT">
  <testcase classname="Dotballtest.dotBallTestClass" name="UserJoinContest" time="40.133"/>
  <testcase classname="Dotballtest.dotBallTestClass" name="profileNameValidation" time="2.558"/>
  <testcase classname="Dotballtest.dotBallTestClass" name="createTeam" time="9.551"/>
  <testcase classname="Dotballtest.dotBallTestClass" name="userAbleToLogin" time="21.876"/>
  <testcase classname="Dotballtest.dotBallTestClass" name="userAbleToSignUpDBApp" time="9.199"/>
</testsuite> <!-- Dotballtest.dotBallTestClass -->
